# conda environments:
#
base                  *  /afs/cern.ch/work/c/csutanta/miniconda3
adqm_analysis            /afs/cern.ch/work/c/csutanta/miniconda3/envs/adqm_analysis
autodqm-ml               /afs/cern.ch/work/c/csutanta/miniconda3/envs/autodqm-ml
htoaa                    /afs/cern.ch/work/c/csutanta/miniconda3/envs/htoaa
metaStudies              /afs/cern.ch/work/c/csutanta/miniconda3/envs/metaStudies
p3_sp4                   /afs/cern.ch/work/c/csutanta/miniconda3/envs/p3_sp4

# conda environments:
#
base                     /afs/cern.ch/work/c/csutanta/miniconda3
adqm_analysis            /afs/cern.ch/work/c/csutanta/miniconda3/envs/adqm_analysis
autodqm-ml               /afs/cern.ch/work/c/csutanta/miniconda3/envs/autodqm-ml
htoaa                 *  /afs/cern.ch/work/c/csutanta/miniconda3/envs/htoaa
metaStudies              /afs/cern.ch/work/c/csutanta/miniconda3/envs/metaStudies
p3_sp4                   /afs/cern.ch/work/c/csutanta/miniconda3/envs/p3_sp4

Python 3.6.8
/bin/python
/bin/python3
# packages in environment at /afs/cern.ch/work/c/csutanta/miniconda3/envs/htoaa:
#
# Name                    Version                   Build  Channel
_libgcc_mutex             0.1                 conda_forge    conda-forge
_openmp_mutex             4.5                       1_gnu    conda-forge
abseil-cpp                20210324.2           h9c3ff4c_0    conda-forge
absl-py                   1.0.0              pyhd8ed1ab_0    conda-forge
aiohttp                   3.8.1            py38h497a2fe_0    conda-forge
aiosignal                 1.2.0              pyhd8ed1ab_0    conda-forge
alsa-lib                  1.2.3                h516909a_0    conda-forge
astunparse                1.6.3              pyhd8ed1ab_0    conda-forge
async-timeout             4.0.2              pyhd8ed1ab_0    conda-forge
attrs                     21.4.0             pyhd8ed1ab_0    conda-forge
awkward                   0.15.0             pyhd3deb0d_0    conda-forge
blinker                   1.4                        py_1    conda-forge
brotli                    1.0.9                h7f98852_6    conda-forge
brotli-bin                1.0.9                h7f98852_6    conda-forge
brotlipy                  0.7.0           py38h497a2fe_1003    conda-forge
bzip2                     1.0.8                h7f98852_4    conda-forge
c-ares                    1.18.1               h7f98852_0    conda-forge
ca-certificates           2021.10.8            ha878542_0    conda-forge
cached-property           1.5.2                hd8ed1ab_1    conda-forge
cached_property           1.5.2              pyha770c72_1    conda-forge
cachetools                4.2.4              pyhd8ed1ab_0    conda-forge
certifi                   2021.10.8        py38h578d9bd_2    conda-forge
cffi                      1.15.0           py38h3931269_0    conda-forge
charset-normalizer        2.0.12             pyhd8ed1ab_0    conda-forge
click                     8.0.4            py38h578d9bd_0    conda-forge
cryptography              36.0.1           py38h3e25421_0    conda-forge
cycler                    0.11.0             pyhd8ed1ab_0    conda-forge
dbus                      1.13.6               h5008d03_3    conda-forge
expat                     2.4.7                h27087fc_0    conda-forge
font-ttf-dejavu-sans-mono 2.37                 hab24e00_0    conda-forge
font-ttf-inconsolata      3.000                h77eed37_0    conda-forge
font-ttf-source-code-pro  2.038                h77eed37_0    conda-forge
font-ttf-ubuntu           0.83                 hab24e00_0    conda-forge
fontconfig                2.13.96              h8e229c2_2    conda-forge
fonts-conda-ecosystem     1                             0    conda-forge
fonts-conda-forge         1                             0    conda-forge
fonttools                 4.25.0             pyhd3eb1b0_0  
freetype                  2.10.4               h0708190_1    conda-forge
frozenlist                1.3.0            py38h497a2fe_0    conda-forge
gast                      0.4.0              pyh9f0ad1d_0    conda-forge
gettext                   0.19.8.1          h73d1719_1008    conda-forge
giflib                    5.2.1                h36c2ea0_2    conda-forge
google-auth               1.35.0             pyh6c4a22f_0    conda-forge
google-auth-oauthlib      0.4.6              pyhd8ed1ab_0    conda-forge
google-pasta              0.2.0              pyh8c360ce_0    conda-forge
grpc-cpp                  1.42.0               ha1441d3_1    conda-forge
grpcio                    1.42.0           py38hdd6454d_0    conda-forge
gst-plugins-base          1.18.5               hf529b03_3    conda-forge
gstreamer                 1.18.5               h9f60fe5_3    conda-forge
h5py                      3.6.0           nompi_py38hfbb2109_100    conda-forge
hdf5                      1.12.1          nompi_h2386368_104    conda-forge
icu                       69.1                 h9c3ff4c_0    conda-forge
idna                      3.3                pyhd8ed1ab_0    conda-forge
importlib-metadata        4.11.3           py38h578d9bd_0    conda-forge
jbig                      2.1               h7f98852_2003    conda-forge
joblib                    1.1.0              pyhd8ed1ab_0    conda-forge
jpeg                      9e                   h7f98852_0    conda-forge
keras                     2.7.0              pyhd8ed1ab_0    conda-forge
keras-preprocessing       1.1.2              pyhd8ed1ab_0    conda-forge
keyutils                  1.6.1                h166bdaf_0    conda-forge
kiwisolver                1.4.0            py38h43d8883_0    conda-forge
krb5                      1.19.3               h3790be6_0    conda-forge
lcms2                     2.12                 hddcbb42_0    conda-forge
ld_impl_linux-64          2.36.1               hea4e1c9_2    conda-forge
lerc                      3.0                  h9c3ff4c_0    conda-forge
libblas                   3.9.0           13_linux64_openblas    conda-forge
libbrotlicommon           1.0.9                h7f98852_6    conda-forge
libbrotlidec              1.0.9                h7f98852_6    conda-forge
libbrotlienc              1.0.9                h7f98852_6    conda-forge
libcblas                  3.9.0           13_linux64_openblas    conda-forge
libclang                  13.0.1          default_hc23dcda_0    conda-forge
libcurl                   7.82.0               h7bff187_0    conda-forge
libdeflate                1.10                 h7f98852_0    conda-forge
libedit                   3.1.20191231         he28a2e2_2    conda-forge
libev                     4.33                 h516909a_1    conda-forge
libevent                  2.1.10               h9b69904_4    conda-forge
libffi                    3.4.2                h7f98852_5    conda-forge
libgcc-ng                 11.2.0              h1d223b6_14    conda-forge
libgfortran-ng            11.2.0              h69a702a_14    conda-forge
libgfortran5              11.2.0              h5c6108e_14    conda-forge
libglib                   2.70.2               h174f98d_4    conda-forge
libgomp                   11.2.0              h1d223b6_14    conda-forge
libiconv                  1.16                 h516909a_0    conda-forge
liblapack                 3.9.0           13_linux64_openblas    conda-forge
libllvm11                 11.1.0               hf817b99_3    conda-forge
libllvm13                 13.0.1               hf817b99_2    conda-forge
libnghttp2                1.47.0               h727a467_0    conda-forge
libnsl                    2.0.0                h7f98852_0    conda-forge
libogg                    1.3.4                h7f98852_1    conda-forge
libopenblas               0.3.18          pthreads_h8fe5266_0    conda-forge
libopus                   1.3.1                h7f98852_1    conda-forge
libpng                    1.6.37               h21135ba_2    conda-forge
libpq                     14.2                 hd57d9b9_0    conda-forge
libprotobuf               3.19.4               h780b84a_0    conda-forge
libssh2                   1.10.0               ha56f1ee_2    conda-forge
libstdcxx-ng              11.2.0              he4da1e4_14    conda-forge
libtiff                   4.3.0                h542a066_3    conda-forge
libuuid                   2.32.1            h7f98852_1000    conda-forge
libvorbis                 1.3.7                h9c3ff4c_0    conda-forge
libwebp                   1.2.2                h3452ae3_0    conda-forge
libwebp-base              1.2.2                h7f98852_1    conda-forge
libxcb                    1.13              h7f98852_1004    conda-forge
libxkbcommon              1.0.3                he3ba5ed_0    conda-forge
libxml2                   2.9.12               h885dcf4_1    conda-forge
libzlib                   1.2.11            h36c2ea0_1013    conda-forge
llvmlite                  0.38.0           py38h4630a5e_0    conda-forge
lz4                       3.1.10           py38hebdc3cf_0    conda-forge
lz4-c                     1.9.3                h9c3ff4c_1    conda-forge
markdown                  3.3.6              pyhd8ed1ab_0    conda-forge
matplotlib                3.5.1            py38h578d9bd_0    conda-forge
matplotlib-base           3.5.1            py38hf4fb855_0    conda-forge
mplhep                    0.3.23             pyhd8ed1ab_0    conda-forge
mplhep_data               0.0.3              pyhd8ed1ab_0    conda-forge
multidict                 6.0.2            py38h497a2fe_0    conda-forge
munch                     2.5.0                    pypi_0    pypi
munkres                   1.1.4              pyh9f0ad1d_0    conda-forge
mysql-common              8.0.28               ha770c72_0    conda-forge
mysql-libs                8.0.28               hfa10184_0    conda-forge
ncurses                   6.3                  h9c3ff4c_0    conda-forge
nspr                      4.32                 h9c3ff4c_1    conda-forge
nss                       3.74                 hb5efdd6_0    conda-forge
numba                     0.55.1           py38h4bf6c61_0    conda-forge
numpy                     1.19.5           py38h9894fe3_2    conda-forge
oauthlib                  3.2.0              pyhd8ed1ab_0    conda-forge
openjpeg                  2.4.0                hb52868f_1    conda-forge
openssl                   1.1.1n               h166bdaf_0    conda-forge
opt_einsum                3.3.0              pyhd8ed1ab_1    conda-forge
packaging                 21.3               pyhd8ed1ab_0    conda-forge
pandas                    1.1.5            py38ha9443f7_0  
pcre                      8.45                 h9c3ff4c_0    conda-forge
pillow                    9.0.1            py38h0ee0e06_2    conda-forge
pip                       22.0.4             pyhd8ed1ab_0    conda-forge
protobuf                  3.19.4           py38h709712a_0    conda-forge
pthread-stubs             0.4               h36c2ea0_1001    conda-forge
pyasn1                    0.4.8                      py_0    conda-forge
pyasn1-modules            0.2.7                      py_0    conda-forge
pycparser                 2.21               pyhd8ed1ab_0    conda-forge
pyjwt                     2.3.0              pyhd8ed1ab_1    conda-forge
pyopenssl                 22.0.0             pyhd8ed1ab_0    conda-forge
pyparsing                 3.0.7              pyhd8ed1ab_0    conda-forge
pyqt                      5.12.3           py38ha8c2ead_4    conda-forge
pyqt5-sip                 4.19.18                  pypi_0    pypi
pyqtchart                 5.12                     pypi_0    pypi
pyqtwebengine             5.12.1                   pypi_0    pypi
pysocks                   1.7.1            py38h578d9bd_4    conda-forge
python                    3.8.13          h582c2e5_0_cpython    conda-forge
python-dateutil           2.8.2              pyhd8ed1ab_0    conda-forge
python-flatbuffers        2.0                pyhd8ed1ab_0    conda-forge
python-xxhash             3.0.0            py38h0a891b7_0    conda-forge
python_abi                3.8                      2_cp38    conda-forge
pytz                      2021.3             pyhd8ed1ab_0    conda-forge
pyu2f                     0.1.5              pyhd8ed1ab_0    conda-forge
qt                        5.12.9               ha98a1a1_5    conda-forge
re2                       2021.11.01           h9c3ff4c_0    conda-forge
readline                  8.1                  h46c0cb4_0    conda-forge
requests                  2.27.1             pyhd8ed1ab_0    conda-forge
requests-oauthlib         1.3.1              pyhd8ed1ab_0    conda-forge
rsa                       4.8                pyhd8ed1ab_0    conda-forge
scikit-learn              0.23.2           py38h5d63f67_3    conda-forge
scipy                     1.8.0            py38h56a6a73_1    conda-forge
scitokens-cpp             0.6.3                h00015f2_2    conda-forge
setuptools                60.9.3           py38h578d9bd_0    conda-forge
six                       1.16.0             pyh6c4a22f_0    conda-forge
snappy                    1.1.8                he1b5a44_3    conda-forge
sqlite                    3.37.1               h4ff8645_0    conda-forge
tensorboard               2.6.0              pyhd8ed1ab_1    conda-forge
tensorboard-data-server   0.6.0            py38h3e25421_1    conda-forge
tensorboard-plugin-wit    1.8.1              pyhd8ed1ab_0    conda-forge
tensorflow                2.7.0           cpu_py38h66f0ec1_0    conda-forge
tensorflow-base           2.7.0           cpu_py38h48ebf30_0    conda-forge
tensorflow-estimator      2.7.0           cpu_py38h7d34d82_0    conda-forge
termcolor                 1.1.0                      py_2    conda-forge
threadpoolctl             3.1.0              pyh8a188c0_0    conda-forge
tk                        8.6.12               h27826a3_0    conda-forge
tornado                   6.1              py38h497a2fe_2    conda-forge
typing-extensions         4.1.1                hd8ed1ab_0    conda-forge
typing_extensions         4.1.1              pyha770c72_0    conda-forge
tzdata                    2021e                he74cb21_0    conda-forge
uhi                       0.3.1              pyhd8ed1ab_0    conda-forge
uproot                    3.11.7           py38h32f6830_0    conda-forge
uproot-base               3.11.7           py38h32f6830_0    conda-forge
uproot-methods            0.9.2              pyhd8ed1ab_0    conda-forge
urllib3                   1.26.8             pyhd8ed1ab_1    conda-forge
werkzeug                  2.0.3              pyhd8ed1ab_1    conda-forge
wheel                     0.37.1             pyhd8ed1ab_0    conda-forge
wrapt                     1.14.0           py38h0a891b7_0    conda-forge
xorg-libxau               1.0.9                h7f98852_0    conda-forge
xorg-libxdmcp             1.1.3                h7f98852_0    conda-forge
xrootd                    5.4.1            py38h92bdfd5_0    conda-forge
xxhash                    0.8.0                h7f98852_3    conda-forge
xz                        5.2.5                h516909a_1    conda-forge
yarl                      1.7.2            py38h497a2fe_1    conda-forge
zipp                      3.7.0              pyhd8ed1ab_1    conda-forge
zlib                      1.2.11            h36c2ea0_1013    conda-forge
zstandard                 0.17.0           py38h497a2fe_0    conda-forge
zstd                      1.5.2                ha95c52a_0    conda-forge
/bin/conda
